<?xml version="1.0" encoding="UTF-8"?>
<testsuite xmlns:xsi="http://www.w3.org/2001/XMLSchema-instance" xsi:noNamespaceSchemaLocation="https://maven.apache.org/surefire/maven-surefire-plugin/xsd/surefire-test-report.xsd" name="runner.TestRunner" time="10.697" tests="3" errors="3" skipped="0" failures="0">
  <properties>
[...]
</properties>
  <testcase name="Login to Test Environment Retail Page #2" classname="Test Environment Retail-Page" time="3.41">
    <error message="The step &apos;user user enter username &apos;eagles@tekschool.us&apos; and password &apos;eagles&apos;&apos; is undefined.&#10;You can implement this step using the snippet(s) below:&#10;&#10;@Then(&quot;user user enter username {string} and password {string}&quot;)&#10;public void user_user_enter_username_and_password(String string, String string2) {&#10;    // Write code here that turns the phrase above into concrete actions&#10;    throw new io.cucumber.java.PendingException();&#10;}&#10;" type="io.cucumber.junit.UndefinedStepException">io.cucumber.junit.UndefinedStepException: 
The step 'user user enter username 'eagles@tekschool.us' and password 'eagles'' is undefined.
You can implement this step using the snippet(s) below:

@Then("user user enter username {string} and password {string}")
public void user_user_enter_username_and_password(String string, String string2) {
    // Write code here that turns the phrase above into concrete actions
    throw new io.cucumber.java.PendingException();
}

</error>
    <system-out><![CDATA[
@login
Scenario Outline: Login to Test Environment Retail Page                     # features/login.feature:24
 INFO [main] (Initializer.java:18)- ScenarioLogin to Test Environment Retail PageStarted
 INFO [main] (LoginPage.java:38)- Text verified!
 INFO [main] (LoginSteps.java:22)- Homepage validated successfully
  Given user is on test environment homepage                                # stepDefinitions.LoginSteps.user_is_on_test_environment_homepage()
 INFO [main] (LoginSteps.java:28)- My account button was clicked successfully
  When user click on myaccount button                                       # stepDefinitions.LoginSteps.user_click_on_myaccount_button()
 INFO [main] (LoginSteps.java:33)- Login button was clicked successfully
  Then user click on login button                                           # stepDefinitions.LoginSteps.user_click_on_login_button()
  Then user user enter username 'eagles@tekschool.us' and password 'eagles' # null
  Then user click on login button to login to the page                      # stepDefinitions.LoginSteps.user_click_on_login_button_to_login_to_the_page()
 INFO [main] (Initializer.java:26)- ScenarioLogin to Test Environment Retail Page UNDEFINED
]]></system-out>
    <system-err><![CDATA[SLF4J: Failed to load class "org.slf4j.impl.StaticLoggerBinder".
SLF4J: Defaulting to no-operation (NOP) logger implementation
SLF4J: See http://www.slf4j.org/codes.html#StaticLoggerBinder for further details.
Starting ChromeDriver 100.0.4896.60 (6a5d10861ce8de5fce22564658033b43cb7de047-refs/branch-heads/4896@{#875}) on port 18317
Only local connections are allowed.
Please see https://chromedriver.chromium.org/security-considerations for suggestions on keeping ChromeDriver safe.
ChromeDriver was started successfully.
Apr 17, 2022 5:30:32 PM org.openqa.selenium.remote.ProtocolHandshake createSession
INFO: Detected dialect: W3C
]]></system-err>
  </testcase>
  <testcase name="Login to Test Environment Retail Page #3" classname="Test Environment Retail-Page" time="2.537">
    <error message="The step &apos;user user enter username &apos;hawks@tekschool.us&apos; and password &apos;hawks&apos;&apos; is undefined.&#10;You can implement this step using the snippet(s) below:&#10;&#10;@Then(&quot;user user enter username {string} and password {string}&quot;)&#10;public void user_user_enter_username_and_password(String string, String string2) {&#10;    // Write code here that turns the phrase above into concrete actions&#10;    throw new io.cucumber.java.PendingException();&#10;}&#10;" type="io.cucumber.junit.UndefinedStepException">io.cucumber.junit.UndefinedStepException: 
The step 'user user enter username 'hawks@tekschool.us' and password 'hawks'' is undefined.
You can implement this step using the snippet(s) below:

@Then("user user enter username {string} and password {string}")
public void user_user_enter_username_and_password(String string, String string2) {
    // Write code here that turns the phrase above into concrete actions
    throw new io.cucumber.java.PendingException();
}

</error>
    <system-out><![CDATA[
@login
Scenario Outline: Login to Test Environment Retail Page                   # features/login.feature:25
 INFO [main] (Initializer.java:18)- ScenarioLogin to Test Environment Retail PageStarted
 INFO [main] (LoginPage.java:38)- Text verified!
 INFO [main] (LoginSteps.java:22)- Homepage validated successfully
  Given user is on test environment homepage                              # stepDefinitions.LoginSteps.user_is_on_test_environment_homepage()
 INFO [main] (LoginSteps.java:28)- My account button was clicked successfully
  When user click on myaccount button                                     # stepDefinitions.LoginSteps.user_click_on_myaccount_button()
 INFO [main] (LoginSteps.java:33)- Login button was clicked successfully
  Then user click on login button                                         # stepDefinitions.LoginSteps.user_click_on_login_button()
  Then user user enter username 'hawks@tekschool.us' and password 'hawks' # null
  Then user click on login button to login to the page                    # stepDefinitions.LoginSteps.user_click_on_login_button_to_login_to_the_page()
 INFO [main] (Initializer.java:26)- ScenarioLogin to Test Environment Retail Page UNDEFINED
]]></system-out>
    <system-err><![CDATA[Starting ChromeDriver 100.0.4896.60 (6a5d10861ce8de5fce22564658033b43cb7de047-refs/branch-heads/4896@{#875}) on port 6579
Only local connections are allowed.
Please see https://chromedriver.chromium.org/security-considerations for suggestions on keeping ChromeDriver safe.
ChromeDriver was started successfully.
Apr 17, 2022 5:30:35 PM org.openqa.selenium.remote.ProtocolHandshake createSession
INFO: Detected dialect: W3C
]]></system-err>
  </testcase>
  <testcase name="Login to Test Environment Retail Page #4" classname="Test Environment Retail-Page" time="2.537">
    <error message="The step &apos;user user enter username &apos;falcons@tekschool.us&apos; and password &apos;falcons&apos;&apos; is undefined.&#10;You can implement this step using the snippet(s) below:&#10;&#10;@Then(&quot;user user enter username {string} and password {string}&quot;)&#10;public void user_user_enter_username_and_password(String string, String string2) {&#10;    // Write code here that turns the phrase above into concrete actions&#10;    throw new io.cucumber.java.PendingException();&#10;}&#10;" type="io.cucumber.junit.UndefinedStepException">io.cucumber.junit.UndefinedStepException: 
The step 'user user enter username 'falcons@tekschool.us' and password 'falcons'' is undefined.
You can implement this step using the snippet(s) below:

@Then("user user enter username {string} and password {string}")
public void user_user_enter_username_and_password(String string, String string2) {
    // Write code here that turns the phrase above into concrete actions
    throw new io.cucumber.java.PendingException();
}

</error>
    <system-out><![CDATA[
@login
Scenario Outline: Login to Test Environment Retail Page                       # features/login.feature:26
 INFO [main] (Initializer.java:18)- ScenarioLogin to Test Environment Retail PageStarted
 INFO [main] (LoginPage.java:38)- Text verified!
 INFO [main] (LoginSteps.java:22)- Homepage validated successfully
  Given user is on test environment homepage                                  # stepDefinitions.LoginSteps.user_is_on_test_environment_homepage()
 INFO [main] (LoginSteps.java:28)- My account button was clicked successfully
  When user click on myaccount button                                         # stepDefinitions.LoginSteps.user_click_on_myaccount_button()
 INFO [main] (LoginSteps.java:33)- Login button was clicked successfully
  Then user click on login button                                             # stepDefinitions.LoginSteps.user_click_on_login_button()
  Then user user enter username 'falcons@tekschool.us' and password 'falcons' # null
  Then user click on login button to login to the page                        # stepDefinitions.LoginSteps.user_click_on_login_button_to_login_to_the_page()
 INFO [main] (Initializer.java:26)- ScenarioLogin to Test Environment Retail Page UNDEFINED
]]></system-out>
    <system-err><![CDATA[Starting ChromeDriver 100.0.4896.60 (6a5d10861ce8de5fce22564658033b43cb7de047-refs/branch-heads/4896@{#875}) on port 1602
Only local connections are allowed.
Please see https://chromedriver.chromium.org/security-considerations for suggestions on keeping ChromeDriver safe.
ChromeDriver was started successfully.
Apr 17, 2022 5:30:38 PM org.openqa.selenium.remote.ProtocolHandshake createSession
INFO: Detected dialect: W3C
]]></system-err>
  </testcase>
</testsuite>